<?xml version="1.0" encoding="UTF-8"?>
<robot generator="Robot 6.1.1 (Python 3.10.12 on linux)" generated="20231121 17:19:00.073" rpa="false" schemaversion="4">
<suite id="s1" name="Tests" source="/home/tasoki/miniprojekti/src/tests">
<suite id="s1-s1" name="Addbook" source="/home/tasoki/miniprojekti/src/tests/addbook.robot">
<kw name="Open And Configure Browser" library="resource" type="SETUP">
<kw name="Evaluate" library="BuiltIn">
<var>${options}</var>
<arg>sys.modules['selenium.webdriver'].ChromeOptions()</arg>
<arg>sys</arg>
<doc>Evaluates the given expression in Python and returns the result.</doc>
<msg timestamp="20231121 17:19:00.196" level="INFO">${options} = &lt;selenium.webdriver.chrome.options.Options object at 0x7f5004bbd600&gt;</msg>
<status status="PASS" starttime="20231121 17:19:00.195" endtime="20231121 17:19:00.196"/>
</kw>
<kw name="Call Method" library="BuiltIn">
<arg>${options}</arg>
<arg>add_argument</arg>
<arg>--no-sandbox</arg>
<doc>Calls the named method of the given object with the provided arguments.</doc>
<status status="PASS" starttime="20231121 17:19:00.196" endtime="20231121 17:19:00.196"/>
</kw>
<kw name="Call Method" library="BuiltIn">
<arg>${options}</arg>
<arg>add_argument</arg>
<arg>--headless</arg>
<doc>Calls the named method of the given object with the provided arguments.</doc>
<status status="PASS" starttime="20231121 17:19:00.196" endtime="20231121 17:19:00.196"/>
</kw>
<kw name="Open Browser" library="SeleniumLibrary">
<arg>browser=chrome</arg>
<arg>options=${options}</arg>
<doc>Opens a new browser instance to the optional ``url``.</doc>
<msg timestamp="20231121 17:19:00.197" level="INFO">Opening browser 'chrome' to base url 'None'.</msg>
<status status="PASS" starttime="20231121 17:19:00.196" endtime="20231121 17:19:01.023"/>
</kw>
<kw name="Set Selenium Speed" library="SeleniumLibrary">
<arg>${DELAY}</arg>
<doc>Sets the delay that is waited after each Selenium command.</doc>
<status status="PASS" starttime="20231121 17:19:01.024" endtime="20231121 17:19:01.024"/>
</kw>
<status status="PASS" starttime="20231121 17:19:00.195" endtime="20231121 17:19:01.024"/>
</kw>
<test id="s1-s1-t1" name="Add A Book With Correctly" line="8">
<kw name="Go To Addbook Page" library="resource" type="SETUP">
<kw name="Go To" library="SeleniumLibrary">
<arg>${ADD_BOOK_URL}</arg>
<doc>Navigates the current browser window to the provided ``url``.</doc>
<msg timestamp="20231121 17:19:01.025" level="INFO">Opening url 'http://localhost:5001/addbook'</msg>
<status status="PASS" starttime="20231121 17:19:01.025" endtime="20231121 17:19:01.064"/>
</kw>
<status status="PASS" starttime="20231121 17:19:01.025" endtime="20231121 17:19:01.064"/>
</kw>
<kw name="Set author">
<arg>Tom</arg>
<kw name="Input Text" library="SeleniumLibrary">
<arg>author</arg>
<arg>${author}</arg>
<doc>Types the given ``text`` into the text field identified by ``locator``.</doc>
<msg timestamp="20231121 17:19:01.065" level="INFO">Typing text 'Tom' into text field 'author'.</msg>
<status status="PASS" starttime="20231121 17:19:01.064" endtime="20231121 17:19:01.139"/>
</kw>
<status status="PASS" starttime="20231121 17:19:01.064" endtime="20231121 17:19:01.139"/>
</kw>
<kw name="Set title">
<arg>Test</arg>
<kw name="Input Text" library="SeleniumLibrary">
<arg>title</arg>
<arg>${title}</arg>
<doc>Types the given ``text`` into the text field identified by ``locator``.</doc>
<msg timestamp="20231121 17:19:01.140" level="INFO">Typing text 'Test' into text field 'title'.</msg>
<status status="PASS" starttime="20231121 17:19:01.140" endtime="20231121 17:19:01.191"/>
</kw>
<status status="PASS" starttime="20231121 17:19:01.139" endtime="20231121 17:19:01.191"/>
</kw>
<kw name="Set publisher">
<arg>Test</arg>
<kw name="Input Text" library="SeleniumLibrary">
<arg>publisher</arg>
<arg>${publisher}</arg>
<doc>Types the given ``text`` into the text field identified by ``locator``.</doc>
<msg timestamp="20231121 17:19:01.192" level="INFO">Typing text 'Test' into text field 'publisher'.</msg>
<status status="PASS" starttime="20231121 17:19:01.191" endtime="20231121 17:19:01.243"/>
</kw>
<status status="PASS" starttime="20231121 17:19:01.191" endtime="20231121 17:19:01.243"/>
</kw>
<kw name="Set year">
<arg>2000</arg>
<kw name="Input Text" library="SeleniumLibrary">
<arg>year</arg>
<arg>${year}</arg>
<doc>Types the given ``text`` into the text field identified by ``locator``.</doc>
<msg timestamp="20231121 17:19:01.245" level="INFO">Typing text '2000' into text field 'year'.</msg>
<status status="PASS" starttime="20231121 17:19:01.244" endtime="20231121 17:19:01.293"/>
</kw>
<status status="PASS" starttime="20231121 17:19:01.244" endtime="20231121 17:19:01.293"/>
</kw>
<kw name="Set volume">
<arg>2</arg>
<kw name="Input Text" library="SeleniumLibrary">
<arg>volume</arg>
<arg>${volume}</arg>
<doc>Types the given ``text`` into the text field identified by ``locator``.</doc>
<msg timestamp="20231121 17:19:01.294" level="INFO">Typing text '2' into text field 'volume'.</msg>
<status status="PASS" starttime="20231121 17:19:01.294" endtime="20231121 17:19:01.343"/>
</kw>
<status status="PASS" starttime="20231121 17:19:01.293" endtime="20231121 17:19:01.343"/>
</kw>
<kw name="Set series">
<arg>3</arg>
<kw name="Input Text" library="SeleniumLibrary">
<arg>series</arg>
<arg>${series}</arg>
<doc>Types the given ``text`` into the text field identified by ``locator``.</doc>
<msg timestamp="20231121 17:19:01.344" level="INFO">Typing text '3' into text field 'series'.</msg>
<status status="PASS" starttime="20231121 17:19:01.344" endtime="20231121 17:19:01.393"/>
</kw>
<status status="PASS" starttime="20231121 17:19:01.343" endtime="20231121 17:19:01.393"/>
</kw>
<kw name="Set address">
<arg>Helsinki</arg>
<kw name="Input Text" library="SeleniumLibrary">
<arg>address</arg>
<arg>${address}</arg>
<doc>Types the given ``text`` into the text field identified by ``locator``.</doc>
<msg timestamp="20231121 17:19:01.394" level="INFO">Typing text 'Helsinki' into text field 'address'.</msg>
<status status="PASS" starttime="20231121 17:19:01.393" endtime="20231121 17:19:01.443"/>
</kw>
<status status="PASS" starttime="20231121 17:19:01.393" endtime="20231121 17:19:01.443"/>
</kw>
<kw name="Set edition">
<arg>4</arg>
<kw name="Input Text" library="SeleniumLibrary">
<arg>edition</arg>
<arg>${edition}</arg>
<doc>Types the given ``text`` into the text field identified by ``locator``.</doc>
<msg timestamp="20231121 17:19:01.444" level="INFO">Typing text '4' into text field 'edition'.</msg>
<status status="PASS" starttime="20231121 17:19:01.443" endtime="20231121 17:19:01.492"/>
</kw>
<status status="PASS" starttime="20231121 17:19:01.443" endtime="20231121 17:19:01.493"/>
</kw>
<kw name="Set month">
<arg>8</arg>
<kw name="Input Text" library="SeleniumLibrary">
<arg>month</arg>
<arg>${month}</arg>
<doc>Types the given ``text`` into the text field identified by ``locator``.</doc>
<msg timestamp="20231121 17:19:01.494" level="INFO">Typing text '8' into text field 'month'.</msg>
<status status="PASS" starttime="20231121 17:19:01.493" endtime="20231121 17:19:01.543"/>
</kw>
<status status="PASS" starttime="20231121 17:19:01.493" endtime="20231121 17:19:01.543"/>
</kw>
<kw name="Set note">
<arg>testnote</arg>
<kw name="Input Text" library="SeleniumLibrary">
<arg>note</arg>
<arg>${note}</arg>
<doc>Types the given ``text`` into the text field identified by ``locator``.</doc>
<msg timestamp="20231121 17:19:01.545" level="INFO">Typing text 'testnote' into text field 'note'.</msg>
<status status="PASS" starttime="20231121 17:19:01.544" endtime="20231121 17:19:01.596"/>
</kw>
<status status="PASS" starttime="20231121 17:19:01.544" endtime="20231121 17:19:01.596"/>
</kw>
<kw name="Submit A Book" library="resource">
<kw name="Click Button" library="SeleniumLibrary">
<arg>Add</arg>
<doc>Clicks the button identified by ``locator``.</doc>
<msg timestamp="20231121 17:19:01.597" level="INFO">Clicking button 'Add'.</msg>
<status status="PASS" starttime="20231121 17:19:01.596" endtime="20231121 17:19:01.649"/>
</kw>
<status status="PASS" starttime="20231121 17:19:01.596" endtime="20231121 17:19:01.649"/>
</kw>
<kw name="Home Page Is Open" library="resource">
<kw name="Title Should Be" library="SeleniumLibrary">
<arg>Home</arg>
<doc>Verifies that the current page title equals ``title``.</doc>
<msg timestamp="20231121 17:19:01.653" level="INFO">Page title is 'Home'.</msg>
<status status="PASS" starttime="20231121 17:19:01.649" endtime="20231121 17:19:01.653"/>
</kw>
<status status="PASS" starttime="20231121 17:19:01.649" endtime="20231121 17:19:01.653"/>
</kw>
<status status="PASS" starttime="20231121 17:19:01.024" endtime="20231121 17:19:01.653"/>
</test>
<kw name="Close Browser" library="SeleniumLibrary" type="TEARDOWN">
<doc>Closes the current browser.</doc>
<status status="PASS" starttime="20231121 17:19:01.654" endtime="20231121 17:19:01.713"/>
</kw>
<status status="PASS" starttime="20231121 17:19:00.089" endtime="20231121 17:19:01.713"/>
</suite>
<suite id="s1-s2" name="Home" source="/home/tasoki/miniprojekti/src/tests/home.robot">
<kw name="Open And Configure Browser" library="resource" type="SETUP">
<kw name="Evaluate" library="BuiltIn">
<var>${options}</var>
<arg>sys.modules['selenium.webdriver'].ChromeOptions()</arg>
<arg>sys</arg>
<doc>Evaluates the given expression in Python and returns the result.</doc>
<msg timestamp="20231121 17:19:01.721" level="INFO">${options} = &lt;selenium.webdriver.chrome.options.Options object at 0x7f5004a38af0&gt;</msg>
<status status="PASS" starttime="20231121 17:19:01.720" endtime="20231121 17:19:01.721"/>
</kw>
<kw name="Call Method" library="BuiltIn">
<arg>${options}</arg>
<arg>add_argument</arg>
<arg>--no-sandbox</arg>
<doc>Calls the named method of the given object with the provided arguments.</doc>
<status status="PASS" starttime="20231121 17:19:01.721" endtime="20231121 17:19:01.721"/>
</kw>
<kw name="Call Method" library="BuiltIn">
<arg>${options}</arg>
<arg>add_argument</arg>
<arg>--headless</arg>
<doc>Calls the named method of the given object with the provided arguments.</doc>
<status status="PASS" starttime="20231121 17:19:01.721" endtime="20231121 17:19:01.722"/>
</kw>
<kw name="Open Browser" library="SeleniumLibrary">
<arg>browser=chrome</arg>
<arg>options=${options}</arg>
<doc>Opens a new browser instance to the optional ``url``.</doc>
<msg timestamp="20231121 17:19:01.723" level="INFO">Opening browser 'chrome' to base url 'None'.</msg>
<status status="PASS" starttime="20231121 17:19:01.722" endtime="20231121 17:19:02.547"/>
</kw>
<kw name="Set Selenium Speed" library="SeleniumLibrary">
<arg>${DELAY}</arg>
<doc>Sets the delay that is waited after each Selenium command.</doc>
<status status="PASS" starttime="20231121 17:19:02.548" endtime="20231121 17:19:02.548"/>
</kw>
<status status="PASS" starttime="20231121 17:19:01.720" endtime="20231121 17:19:02.548"/>
</kw>
<test id="s1-s2-t1" name="Click Addbook Link" line="8">
<kw name="Go To Starting Page" library="resource" type="SETUP">
<kw name="Go To" library="SeleniumLibrary">
<arg>${HOME_URL}</arg>
<doc>Navigates the current browser window to the provided ``url``.</doc>
<msg timestamp="20231121 17:19:02.549" level="INFO">Opening url 'http://localhost:5001'</msg>
<status status="PASS" starttime="20231121 17:19:02.549" endtime="20231121 17:19:02.581"/>
</kw>
<status status="PASS" starttime="20231121 17:19:02.549" endtime="20231121 17:19:02.581"/>
</kw>
<kw name="Click Link" library="SeleniumLibrary">
<arg>Add a book</arg>
<doc>Clicks a link identified by ``locator``.</doc>
<msg timestamp="20231121 17:19:02.582" level="INFO">Clicking link 'Add a book'.</msg>
<status status="PASS" starttime="20231121 17:19:02.581" endtime="20231121 17:19:02.636"/>
</kw>
<kw name="Addbook Page Should Be Open" library="resource">
<kw name="Title Should Be" library="SeleniumLibrary">
<arg>Add a book</arg>
<doc>Verifies that the current page title equals ``title``.</doc>
<msg timestamp="20231121 17:19:02.642" level="INFO">Page title is 'Add a book'.</msg>
<status status="PASS" starttime="20231121 17:19:02.637" endtime="20231121 17:19:02.642"/>
</kw>
<status status="PASS" starttime="20231121 17:19:02.637" endtime="20231121 17:19:02.642"/>
</kw>
<status status="PASS" starttime="20231121 17:19:02.548" endtime="20231121 17:19:02.642"/>
</test>
<test id="s1-s2-t2" name="Click All_references Link" line="12">
<kw name="Go To Starting Page" library="resource" type="SETUP">
<kw name="Go To" library="SeleniumLibrary">
<arg>${HOME_URL}</arg>
<doc>Navigates the current browser window to the provided ``url``.</doc>
<msg timestamp="20231121 17:19:02.644" level="INFO">Opening url 'http://localhost:5001'</msg>
<status status="PASS" starttime="20231121 17:19:02.643" endtime="20231121 17:19:02.654"/>
</kw>
<status status="PASS" starttime="20231121 17:19:02.643" endtime="20231121 17:19:02.654"/>
</kw>
<kw name="Click Link" library="SeleniumLibrary">
<arg>See all references</arg>
<doc>Clicks a link identified by ``locator``.</doc>
<msg timestamp="20231121 17:19:02.655" level="INFO">Clicking link 'See all references'.</msg>
<status status="PASS" starttime="20231121 17:19:02.654" endtime="20231121 17:19:02.701"/>
</kw>
<kw name="All_references Page Should Be Open" library="resource">
<kw name="Title Should Be" library="SeleniumLibrary">
<arg>All references</arg>
<doc>Verifies that the current page title equals ``title``.</doc>
<msg timestamp="20231121 17:19:02.705" level="INFO">Page title is 'All references'.</msg>
<status status="PASS" starttime="20231121 17:19:02.702" endtime="20231121 17:19:02.706"/>
</kw>
<status status="PASS" starttime="20231121 17:19:02.701" endtime="20231121 17:19:02.706"/>
</kw>
<status status="PASS" starttime="20231121 17:19:02.643" endtime="20231121 17:19:02.706"/>
</test>
<kw name="Close Browser" library="SeleniumLibrary" type="TEARDOWN">
<doc>Closes the current browser.</doc>
<status status="PASS" starttime="20231121 17:19:02.707" endtime="20231121 17:19:02.768"/>
</kw>
<status status="PASS" starttime="20231121 17:19:01.714" endtime="20231121 17:19:02.768"/>
</suite>
<status status="PASS" starttime="20231121 17:19:00.074" endtime="20231121 17:19:02.770"/>
</suite>
<statistics>
<total>
<stat pass="3" fail="0" skip="0">All Tests</stat>
</total>
<tag>
</tag>
<suite>
<stat pass="3" fail="0" skip="0" id="s1" name="Tests">Tests</stat>
<stat pass="1" fail="0" skip="0" id="s1-s1" name="Addbook">Tests.Addbook</stat>
<stat pass="2" fail="0" skip="0" id="s1-s2" name="Home">Tests.Home</stat>
</suite>
</statistics>
<errors>
</errors>
</robot>
