<?xml version="1.0" encoding="UTF-8"?>
<robot generator="Robot 6.1.1 (Python 3.10.12 on linux)" generated="20231122 16:02:00.555" rpa="false" schemaversion="4">
<suite id="s1" name="Tests" source="/home/tasoki/miniprojekti/src/tests">
<suite id="s1-s1" name="Addbook" source="/home/tasoki/miniprojekti/src/tests/addbook.robot">
<kw name="Open And Configure Browser" library="resource" type="SETUP">
<kw name="Evaluate" library="BuiltIn">
<var>${options}</var>
<arg>sys.modules['selenium.webdriver'].ChromeOptions()</arg>
<arg>sys</arg>
<doc>Evaluates the given expression in Python and returns the result.</doc>
<msg timestamp="20231122 16:02:00.648" level="INFO">${options} = &lt;selenium.webdriver.chrome.options.Options object at 0x7fc954f89600&gt;</msg>
<status status="PASS" starttime="20231122 16:02:00.648" endtime="20231122 16:02:00.648"/>
</kw>
<kw name="Call Method" library="BuiltIn">
<arg>${options}</arg>
<arg>add_argument</arg>
<arg>--no-sandbox</arg>
<doc>Calls the named method of the given object with the provided arguments.</doc>
<status status="PASS" starttime="20231122 16:02:00.648" endtime="20231122 16:02:00.648"/>
</kw>
<kw name="Call Method" library="BuiltIn">
<arg>${options}</arg>
<arg>add_argument</arg>
<arg>--headless</arg>
<doc>Calls the named method of the given object with the provided arguments.</doc>
<status status="PASS" starttime="20231122 16:02:00.648" endtime="20231122 16:02:00.648"/>
</kw>
<kw name="Open Browser" library="SeleniumLibrary">
<arg>browser=chrome</arg>
<arg>options=${options}</arg>
<doc>Opens a new browser instance to the optional ``url``.</doc>
<msg timestamp="20231122 16:02:00.649" level="INFO">Opening browser 'chrome' to base url 'None'.</msg>
<status status="PASS" starttime="20231122 16:02:00.649" endtime="20231122 16:02:03.001"/>
</kw>
<kw name="Set Selenium Speed" library="SeleniumLibrary">
<arg>${DELAY}</arg>
<doc>Sets the delay that is waited after each Selenium command.</doc>
<status status="PASS" starttime="20231122 16:02:03.001" endtime="20231122 16:02:03.001"/>
</kw>
<status status="PASS" starttime="20231122 16:02:00.648" endtime="20231122 16:02:03.001"/>
</kw>
<test id="s1-s1-t1" name="Add A Book With Correctly" line="8">
<kw name="Go To Addbook Page" library="resource" type="SETUP">
<kw name="Go To" library="SeleniumLibrary">
<arg>${ADD_BOOK_URL}</arg>
<doc>Navigates the current browser window to the provided ``url``.</doc>
<msg timestamp="20231122 16:02:03.002" level="INFO">Opening url 'http://localhost:5001/addbook'</msg>
<status status="PASS" starttime="20231122 16:02:03.002" endtime="20231122 16:02:03.034"/>
</kw>
<status status="PASS" starttime="20231122 16:02:03.002" endtime="20231122 16:02:03.034"/>
</kw>
<kw name="Set author">
<arg>Tom</arg>
<kw name="Input Text" library="SeleniumLibrary">
<arg>author</arg>
<arg>${author}</arg>
<doc>Types the given ``text`` into the text field identified by ``locator``.</doc>
<msg timestamp="20231122 16:02:03.035" level="INFO">Typing text 'Tom' into text field 'author'.</msg>
<status status="PASS" starttime="20231122 16:02:03.035" endtime="20231122 16:02:03.093"/>
</kw>
<status status="PASS" starttime="20231122 16:02:03.034" endtime="20231122 16:02:03.093"/>
</kw>
<kw name="Set title">
<arg>Test</arg>
<kw name="Input Text" library="SeleniumLibrary">
<arg>title</arg>
<arg>${title}</arg>
<doc>Types the given ``text`` into the text field identified by ``locator``.</doc>
<msg timestamp="20231122 16:02:03.093" level="INFO">Typing text 'Test' into text field 'title'.</msg>
<status status="PASS" starttime="20231122 16:02:03.093" endtime="20231122 16:02:03.134"/>
</kw>
<status status="PASS" starttime="20231122 16:02:03.093" endtime="20231122 16:02:03.134"/>
</kw>
<kw name="Set publisher">
<arg>Test</arg>
<kw name="Input Text" library="SeleniumLibrary">
<arg>publisher</arg>
<arg>${publisher}</arg>
<doc>Types the given ``text`` into the text field identified by ``locator``.</doc>
<msg timestamp="20231122 16:02:03.135" level="INFO">Typing text 'Test' into text field 'publisher'.</msg>
<status status="PASS" starttime="20231122 16:02:03.135" endtime="20231122 16:02:03.176"/>
</kw>
<status status="PASS" starttime="20231122 16:02:03.134" endtime="20231122 16:02:03.177"/>
</kw>
<kw name="Set year">
<arg>2000</arg>
<kw name="Input Text" library="SeleniumLibrary">
<arg>year</arg>
<arg>${year}</arg>
<doc>Types the given ``text`` into the text field identified by ``locator``.</doc>
<msg timestamp="20231122 16:02:03.177" level="INFO">Typing text '2000' into text field 'year'.</msg>
<status status="PASS" starttime="20231122 16:02:03.177" endtime="20231122 16:02:03.221"/>
</kw>
<status status="PASS" starttime="20231122 16:02:03.177" endtime="20231122 16:02:03.221"/>
</kw>
<kw name="Set volume">
<arg>2</arg>
<kw name="Input Text" library="SeleniumLibrary">
<arg>volume</arg>
<arg>${volume}</arg>
<doc>Types the given ``text`` into the text field identified by ``locator``.</doc>
<msg timestamp="20231122 16:02:03.222" level="INFO">Typing text '2' into text field 'volume'.</msg>
<status status="PASS" starttime="20231122 16:02:03.221" endtime="20231122 16:02:03.264"/>
</kw>
<status status="PASS" starttime="20231122 16:02:03.221" endtime="20231122 16:02:03.264"/>
</kw>
<kw name="Set series">
<arg>3</arg>
<kw name="Input Text" library="SeleniumLibrary">
<arg>series</arg>
<arg>${series}</arg>
<doc>Types the given ``text`` into the text field identified by ``locator``.</doc>
<msg timestamp="20231122 16:02:03.265" level="INFO">Typing text '3' into text field 'series'.</msg>
<status status="PASS" starttime="20231122 16:02:03.264" endtime="20231122 16:02:03.308"/>
</kw>
<status status="PASS" starttime="20231122 16:02:03.264" endtime="20231122 16:02:03.308"/>
</kw>
<kw name="Set address">
<arg>Helsinki</arg>
<kw name="Input Text" library="SeleniumLibrary">
<arg>address</arg>
<arg>${address}</arg>
<doc>Types the given ``text`` into the text field identified by ``locator``.</doc>
<msg timestamp="20231122 16:02:03.309" level="INFO">Typing text 'Helsinki' into text field 'address'.</msg>
<status status="PASS" starttime="20231122 16:02:03.308" endtime="20231122 16:02:03.350"/>
</kw>
<status status="PASS" starttime="20231122 16:02:03.308" endtime="20231122 16:02:03.350"/>
</kw>
<kw name="Set edition">
<arg>4</arg>
<kw name="Input Text" library="SeleniumLibrary">
<arg>edition</arg>
<arg>${edition}</arg>
<doc>Types the given ``text`` into the text field identified by ``locator``.</doc>
<msg timestamp="20231122 16:02:03.351" level="INFO">Typing text '4' into text field 'edition'.</msg>
<status status="PASS" starttime="20231122 16:02:03.351" endtime="20231122 16:02:03.393"/>
</kw>
<status status="PASS" starttime="20231122 16:02:03.351" endtime="20231122 16:02:03.393"/>
</kw>
<kw name="Set month">
<arg>8</arg>
<kw name="Input Text" library="SeleniumLibrary">
<arg>month</arg>
<arg>${month}</arg>
<doc>Types the given ``text`` into the text field identified by ``locator``.</doc>
<msg timestamp="20231122 16:02:03.394" level="INFO">Typing text '8' into text field 'month'.</msg>
<status status="PASS" starttime="20231122 16:02:03.394" endtime="20231122 16:02:03.436"/>
</kw>
<status status="PASS" starttime="20231122 16:02:03.393" endtime="20231122 16:02:03.436"/>
</kw>
<kw name="Set note">
<arg>testnote</arg>
<kw name="Input Text" library="SeleniumLibrary">
<arg>note</arg>
<arg>${note}</arg>
<doc>Types the given ``text`` into the text field identified by ``locator``.</doc>
<msg timestamp="20231122 16:02:03.437" level="INFO">Typing text 'testnote' into text field 'note'.</msg>
<status status="PASS" starttime="20231122 16:02:03.437" endtime="20231122 16:02:03.480"/>
</kw>
<status status="PASS" starttime="20231122 16:02:03.436" endtime="20231122 16:02:03.480"/>
</kw>
<kw name="Submit A Book" library="resource">
<kw name="Click Button" library="SeleniumLibrary">
<arg>Add</arg>
<doc>Clicks the button identified by ``locator``.</doc>
<msg timestamp="20231122 16:02:03.481" level="INFO">Clicking button 'Add'.</msg>
<status status="PASS" starttime="20231122 16:02:03.481" endtime="20231122 16:02:03.524"/>
</kw>
<status status="PASS" starttime="20231122 16:02:03.480" endtime="20231122 16:02:03.524"/>
</kw>
<kw name="Home Page Is Open" library="resource">
<kw name="Title Should Be" library="SeleniumLibrary">
<arg>Home</arg>
<doc>Verifies that the current page title equals ``title``.</doc>
<msg timestamp="20231122 16:02:03.528" level="INFO">Page title is 'Home'.</msg>
<status status="PASS" starttime="20231122 16:02:03.524" endtime="20231122 16:02:03.528"/>
</kw>
<status status="PASS" starttime="20231122 16:02:03.524" endtime="20231122 16:02:03.528"/>
</kw>
<status status="PASS" starttime="20231122 16:02:03.001" endtime="20231122 16:02:03.528"/>
</test>
<kw name="Close Browser" library="SeleniumLibrary" type="TEARDOWN">
<doc>Closes the current browser.</doc>
<status status="PASS" starttime="20231122 16:02:03.529" endtime="20231122 16:02:03.590"/>
</kw>
<status status="PASS" starttime="20231122 16:02:00.566" endtime="20231122 16:02:03.590"/>
</suite>
<suite id="s1-s2" name="Home" source="/home/tasoki/miniprojekti/src/tests/home.robot">
<kw name="Open And Configure Browser" library="resource" type="SETUP">
<kw name="Evaluate" library="BuiltIn">
<var>${options}</var>
<arg>sys.modules['selenium.webdriver'].ChromeOptions()</arg>
<arg>sys</arg>
<doc>Evaluates the given expression in Python and returns the result.</doc>
<msg timestamp="20231122 16:02:03.598" level="INFO">${options} = &lt;selenium.webdriver.chrome.options.Options object at 0x7fc954e04af0&gt;</msg>
<status status="PASS" starttime="20231122 16:02:03.598" endtime="20231122 16:02:03.598"/>
</kw>
<kw name="Call Method" library="BuiltIn">
<arg>${options}</arg>
<arg>add_argument</arg>
<arg>--no-sandbox</arg>
<doc>Calls the named method of the given object with the provided arguments.</doc>
<status status="PASS" starttime="20231122 16:02:03.599" endtime="20231122 16:02:03.599"/>
</kw>
<kw name="Call Method" library="BuiltIn">
<arg>${options}</arg>
<arg>add_argument</arg>
<arg>--headless</arg>
<doc>Calls the named method of the given object with the provided arguments.</doc>
<status status="PASS" starttime="20231122 16:02:03.599" endtime="20231122 16:02:03.599"/>
</kw>
<kw name="Open Browser" library="SeleniumLibrary">
<arg>browser=chrome</arg>
<arg>options=${options}</arg>
<doc>Opens a new browser instance to the optional ``url``.</doc>
<msg timestamp="20231122 16:02:03.600" level="INFO">Opening browser 'chrome' to base url 'None'.</msg>
<status status="PASS" starttime="20231122 16:02:03.600" endtime="20231122 16:02:04.265"/>
</kw>
<kw name="Set Selenium Speed" library="SeleniumLibrary">
<arg>${DELAY}</arg>
<doc>Sets the delay that is waited after each Selenium command.</doc>
<status status="PASS" starttime="20231122 16:02:04.265" endtime="20231122 16:02:04.265"/>
</kw>
<status status="PASS" starttime="20231122 16:02:03.597" endtime="20231122 16:02:04.265"/>
</kw>
<test id="s1-s2-t1" name="Click Addbook Link" line="8">
<kw name="Go To Starting Page" library="resource" type="SETUP">
<kw name="Go To" library="SeleniumLibrary">
<arg>${HOME_URL}</arg>
<doc>Navigates the current browser window to the provided ``url``.</doc>
<msg timestamp="20231122 16:02:04.266" level="INFO">Opening url 'http://localhost:5001'</msg>
<status status="PASS" starttime="20231122 16:02:04.266" endtime="20231122 16:02:04.295"/>
</kw>
<status status="PASS" starttime="20231122 16:02:04.265" endtime="20231122 16:02:04.295"/>
</kw>
<kw name="Click Link" library="SeleniumLibrary">
<arg>Add a book</arg>
<doc>Clicks a link identified by ``locator``.</doc>
<msg timestamp="20231122 16:02:04.295" level="INFO">Clicking link 'Add a book'.</msg>
<status status="PASS" starttime="20231122 16:02:04.295" endtime="20231122 16:02:04.341"/>
</kw>
<kw name="Addbook Page Should Be Open" library="resource">
<kw name="Title Should Be" library="SeleniumLibrary">
<arg>Add a book</arg>
<doc>Verifies that the current page title equals ``title``.</doc>
<msg timestamp="20231122 16:02:04.343" level="INFO">Page title is 'Add a book'.</msg>
<status status="PASS" starttime="20231122 16:02:04.341" endtime="20231122 16:02:04.344"/>
</kw>
<status status="PASS" starttime="20231122 16:02:04.341" endtime="20231122 16:02:04.344"/>
</kw>
<status status="PASS" starttime="20231122 16:02:04.265" endtime="20231122 16:02:04.344"/>
</test>
<test id="s1-s2-t2" name="Click All_references Link" line="12">
<kw name="Go To Starting Page" library="resource" type="SETUP">
<kw name="Go To" library="SeleniumLibrary">
<arg>${HOME_URL}</arg>
<doc>Navigates the current browser window to the provided ``url``.</doc>
<msg timestamp="20231122 16:02:04.345" level="INFO">Opening url 'http://localhost:5001'</msg>
<status status="PASS" starttime="20231122 16:02:04.345" endtime="20231122 16:02:04.354"/>
</kw>
<status status="PASS" starttime="20231122 16:02:04.344" endtime="20231122 16:02:04.354"/>
</kw>
<kw name="Click Link" library="SeleniumLibrary">
<arg>See all references</arg>
<doc>Clicks a link identified by ``locator``.</doc>
<msg timestamp="20231122 16:02:04.355" level="INFO">Clicking link 'See all references'.</msg>
<status status="PASS" starttime="20231122 16:02:04.354" endtime="20231122 16:02:04.393"/>
</kw>
<kw name="All_references Page Should Be Open" library="resource">
<kw name="Title Should Be" library="SeleniumLibrary">
<arg>All references</arg>
<doc>Verifies that the current page title equals ``title``.</doc>
<msg timestamp="20231122 16:02:04.396" level="INFO">Page title is 'All references'.</msg>
<status status="PASS" starttime="20231122 16:02:04.393" endtime="20231122 16:02:04.396"/>
</kw>
<status status="PASS" starttime="20231122 16:02:04.393" endtime="20231122 16:02:04.396"/>
</kw>
<status status="PASS" starttime="20231122 16:02:04.344" endtime="20231122 16:02:04.396"/>
</test>
<kw name="Close Browser" library="SeleniumLibrary" type="TEARDOWN">
<doc>Closes the current browser.</doc>
<status status="PASS" starttime="20231122 16:02:04.397" endtime="20231122 16:02:04.457"/>
</kw>
<status status="PASS" starttime="20231122 16:02:03.592" endtime="20231122 16:02:04.457"/>
</suite>
<status status="PASS" starttime="20231122 16:02:00.555" endtime="20231122 16:02:04.458"/>
</suite>
<statistics>
<total>
<stat pass="3" fail="0" skip="0">All Tests</stat>
</total>
<tag>
</tag>
<suite>
<stat pass="3" fail="0" skip="0" id="s1" name="Tests">Tests</stat>
<stat pass="1" fail="0" skip="0" id="s1-s1" name="Addbook">Tests.Addbook</stat>
<stat pass="2" fail="0" skip="0" id="s1-s2" name="Home">Tests.Home</stat>
</suite>
</statistics>
<errors>
</errors>
</robot>
